<?xml version="1.0" encoding="UTF-8"?>
<!-- Generated by org.testng.reporters.JUnitReportReporter -->
<testsuite hostname="DESKTOP-S1MEN4E" failures="0" tests="1" name="testCases.TC_001_AccountRegisttrationTest" time="4.080" errors="0" timestamp="2024-02-06T20:04:29 IST" skipped="0">
  <testcase classname="testCases.TC_001_AccountRegisttrationTest" name="verify_account_registration" time="4.080"/>
</testsuite> <!-- testCases.TC_001_AccountRegisttrationTest -->
