<?xml version="1.0" encoding="UTF-8"?>
<!-- Generated by org.testng.reporters.JUnitReportReporter -->
<testsuite hostname="DESKTOP-S1MEN4E" failures="0" tests="1" name="testCases.TC_002_LoginTest" time="0.805" errors="0" timestamp="2024-02-17T18:23:00 IST" skipped="0">
  <testcase classname="testCases.TC_002_LoginTest" name="verifyLogin" time="0.805"/>
</testsuite> <!-- testCases.TC_002_LoginTest -->
