<?xml version="1.0" encoding="UTF-8"?>
<!-- Generated by org.testng.reporters.JUnitReportReporter -->
<testsuite hostname="DESKTOP-S1MEN4E" failures="0" tests="2" name="testCases.TC_001_AccountRegisttrationTest" time="6.767" errors="0" timestamp="2024-02-17T17:19:53 IST" skipped="0">
  <testcase classname="testCases.TC_001_AccountRegisttrationTest" name="verify_account_registration" time="3.680"/>
  <testcase classname="testCases.TC_001_AccountRegisttrationTest" name="verify_account_registration" time="3.087"/>
</testsuite> <!-- testCases.TC_001_AccountRegisttrationTest -->
